[2024-02-20T17:54:23.806+0000] {processor.py:161} INFO - Started process (PID=37) to work on /opt/airflow/dags/reddit_dag.py
[2024-02-20T17:54:23.808+0000] {processor.py:830} INFO - Processing file /opt/airflow/dags/reddit_dag.py for tasks to queue
[2024-02-20T17:54:23.815+0000] {logging_mixin.py:188} INFO - [2024-02-20T17:54:23.814+0000] {dagbag.py:538} INFO - Filling up the DagBag from /opt/airflow/dags/reddit_dag.py
[2024-02-20T17:54:23.894+0000] {logging_mixin.py:188} INFO - [2024-02-20T17:54:23.884+0000] {dagbag.py:348} ERROR - Failed to import: /opt/airflow/dags/reddit_dag.py
Traceback (most recent call last):
  File "/home/airflow/.local/lib/python3.10/site-packages/airflow/models/dagbag.py", line 344, in parse
    loader.exec_module(new_module)
  File "<frozen importlib._bootstrap_external>", line 883, in exec_module
  File "<frozen importlib._bootstrap>", line 241, in _call_with_frames_removed
  File "/opt/airflow/dags/reddit_dag.py", line 23, in <module>
    extract = PythonOperator(
NameError: name 'PythonOperator' is not defined
[2024-02-20T17:54:23.897+0000] {processor.py:842} WARNING - No viable dags retrieved from /opt/airflow/dags/reddit_dag.py
[2024-02-20T17:54:23.936+0000] {processor.py:183} INFO - Processing /opt/airflow/dags/reddit_dag.py took 0.141 seconds
[2024-02-20T17:54:53.995+0000] {processor.py:161} INFO - Started process (PID=38) to work on /opt/airflow/dags/reddit_dag.py
[2024-02-20T17:54:53.997+0000] {processor.py:830} INFO - Processing file /opt/airflow/dags/reddit_dag.py for tasks to queue
[2024-02-20T17:54:54.000+0000] {logging_mixin.py:188} INFO - [2024-02-20T17:54:54.000+0000] {dagbag.py:538} INFO - Filling up the DagBag from /opt/airflow/dags/reddit_dag.py
[2024-02-20T17:54:54.035+0000] {logging_mixin.py:188} INFO - [2024-02-20T17:54:54.029+0000] {dagbag.py:348} ERROR - Failed to import: /opt/airflow/dags/reddit_dag.py
Traceback (most recent call last):
  File "/home/airflow/.local/lib/python3.10/site-packages/airflow/models/dagbag.py", line 344, in parse
    loader.exec_module(new_module)
  File "<frozen importlib._bootstrap_external>", line 883, in exec_module
  File "<frozen importlib._bootstrap>", line 241, in _call_with_frames_removed
  File "/opt/airflow/dags/reddit_dag.py", line 23, in <module>
    extract = PythonOperator(
NameError: name 'PythonOperator' is not defined
[2024-02-20T17:54:54.038+0000] {processor.py:842} WARNING - No viable dags retrieved from /opt/airflow/dags/reddit_dag.py
[2024-02-20T17:54:54.058+0000] {processor.py:183} INFO - Processing /opt/airflow/dags/reddit_dag.py took 0.066 seconds
[2024-02-20T17:55:24.222+0000] {processor.py:161} INFO - Started process (PID=39) to work on /opt/airflow/dags/reddit_dag.py
[2024-02-20T17:55:24.223+0000] {processor.py:830} INFO - Processing file /opt/airflow/dags/reddit_dag.py for tasks to queue
[2024-02-20T17:55:24.226+0000] {logging_mixin.py:188} INFO - [2024-02-20T17:55:24.226+0000] {dagbag.py:538} INFO - Filling up the DagBag from /opt/airflow/dags/reddit_dag.py
[2024-02-20T17:55:24.259+0000] {logging_mixin.py:188} INFO - [2024-02-20T17:55:24.252+0000] {dagbag.py:348} ERROR - Failed to import: /opt/airflow/dags/reddit_dag.py
Traceback (most recent call last):
  File "/home/airflow/.local/lib/python3.10/site-packages/airflow/models/dagbag.py", line 344, in parse
    loader.exec_module(new_module)
  File "<frozen importlib._bootstrap_external>", line 883, in exec_module
  File "<frozen importlib._bootstrap>", line 241, in _call_with_frames_removed
  File "/opt/airflow/dags/reddit_dag.py", line 23, in <module>
    extract = PythonOperator(
NameError: name 'PythonOperator' is not defined
[2024-02-20T17:55:24.262+0000] {processor.py:842} WARNING - No viable dags retrieved from /opt/airflow/dags/reddit_dag.py
[2024-02-20T17:55:24.278+0000] {processor.py:183} INFO - Processing /opt/airflow/dags/reddit_dag.py took 0.059 seconds
[2024-02-20T17:55:54.474+0000] {processor.py:161} INFO - Started process (PID=40) to work on /opt/airflow/dags/reddit_dag.py
[2024-02-20T17:55:54.475+0000] {processor.py:830} INFO - Processing file /opt/airflow/dags/reddit_dag.py for tasks to queue
[2024-02-20T17:55:54.477+0000] {logging_mixin.py:188} INFO - [2024-02-20T17:55:54.477+0000] {dagbag.py:538} INFO - Filling up the DagBag from /opt/airflow/dags/reddit_dag.py
[2024-02-20T17:55:54.515+0000] {logging_mixin.py:188} INFO - [2024-02-20T17:55:54.507+0000] {dagbag.py:348} ERROR - Failed to import: /opt/airflow/dags/reddit_dag.py
Traceback (most recent call last):
  File "/home/airflow/.local/lib/python3.10/site-packages/airflow/models/dagbag.py", line 344, in parse
    loader.exec_module(new_module)
  File "<frozen importlib._bootstrap_external>", line 883, in exec_module
  File "<frozen importlib._bootstrap>", line 241, in _call_with_frames_removed
  File "/opt/airflow/dags/reddit_dag.py", line 23, in <module>
    extract = PythonOperator(
NameError: name 'PythonOperator' is not defined
[2024-02-20T17:55:54.517+0000] {processor.py:842} WARNING - No viable dags retrieved from /opt/airflow/dags/reddit_dag.py
[2024-02-20T17:55:54.539+0000] {processor.py:183} INFO - Processing /opt/airflow/dags/reddit_dag.py took 0.068 seconds
[2024-02-20T17:56:24.724+0000] {processor.py:161} INFO - Started process (PID=41) to work on /opt/airflow/dags/reddit_dag.py
[2024-02-20T17:56:24.726+0000] {processor.py:830} INFO - Processing file /opt/airflow/dags/reddit_dag.py for tasks to queue
[2024-02-20T17:56:24.728+0000] {logging_mixin.py:188} INFO - [2024-02-20T17:56:24.727+0000] {dagbag.py:538} INFO - Filling up the DagBag from /opt/airflow/dags/reddit_dag.py
[2024-02-20T17:56:24.756+0000] {logging_mixin.py:188} INFO - [2024-02-20T17:56:24.750+0000] {dagbag.py:348} ERROR - Failed to import: /opt/airflow/dags/reddit_dag.py
Traceback (most recent call last):
  File "/home/airflow/.local/lib/python3.10/site-packages/airflow/models/dagbag.py", line 344, in parse
    loader.exec_module(new_module)
  File "<frozen importlib._bootstrap_external>", line 883, in exec_module
  File "<frozen importlib._bootstrap>", line 241, in _call_with_frames_removed
  File "/opt/airflow/dags/reddit_dag.py", line 23, in <module>
    extract = PythonOperator(
NameError: name 'PythonOperator' is not defined
[2024-02-20T17:56:24.759+0000] {processor.py:842} WARNING - No viable dags retrieved from /opt/airflow/dags/reddit_dag.py
[2024-02-20T17:56:24.779+0000] {processor.py:183} INFO - Processing /opt/airflow/dags/reddit_dag.py took 0.058 seconds
[2024-02-20T17:56:54.950+0000] {processor.py:161} INFO - Started process (PID=42) to work on /opt/airflow/dags/reddit_dag.py
[2024-02-20T17:56:54.952+0000] {processor.py:830} INFO - Processing file /opt/airflow/dags/reddit_dag.py for tasks to queue
[2024-02-20T17:56:54.954+0000] {logging_mixin.py:188} INFO - [2024-02-20T17:56:54.953+0000] {dagbag.py:538} INFO - Filling up the DagBag from /opt/airflow/dags/reddit_dag.py
[2024-02-20T17:56:54.981+0000] {logging_mixin.py:188} INFO - [2024-02-20T17:56:54.976+0000] {dagbag.py:348} ERROR - Failed to import: /opt/airflow/dags/reddit_dag.py
Traceback (most recent call last):
  File "/home/airflow/.local/lib/python3.10/site-packages/airflow/models/dagbag.py", line 344, in parse
    loader.exec_module(new_module)
  File "<frozen importlib._bootstrap_external>", line 883, in exec_module
  File "<frozen importlib._bootstrap>", line 241, in _call_with_frames_removed
  File "/opt/airflow/dags/reddit_dag.py", line 23, in <module>
    extract = PythonOperator(
NameError: name 'PythonOperator' is not defined
[2024-02-20T17:56:54.984+0000] {processor.py:842} WARNING - No viable dags retrieved from /opt/airflow/dags/reddit_dag.py
[2024-02-20T17:56:55.004+0000] {processor.py:183} INFO - Processing /opt/airflow/dags/reddit_dag.py took 0.056 seconds
[2024-02-20T17:57:25.202+0000] {processor.py:161} INFO - Started process (PID=43) to work on /opt/airflow/dags/reddit_dag.py
[2024-02-20T17:57:25.203+0000] {processor.py:830} INFO - Processing file /opt/airflow/dags/reddit_dag.py for tasks to queue
[2024-02-20T17:57:25.206+0000] {logging_mixin.py:188} INFO - [2024-02-20T17:57:25.205+0000] {dagbag.py:538} INFO - Filling up the DagBag from /opt/airflow/dags/reddit_dag.py
[2024-02-20T17:57:25.237+0000] {logging_mixin.py:188} INFO - [2024-02-20T17:57:25.231+0000] {dagbag.py:348} ERROR - Failed to import: /opt/airflow/dags/reddit_dag.py
Traceback (most recent call last):
  File "/home/airflow/.local/lib/python3.10/site-packages/airflow/models/dagbag.py", line 344, in parse
    loader.exec_module(new_module)
  File "<frozen importlib._bootstrap_external>", line 883, in exec_module
  File "<frozen importlib._bootstrap>", line 241, in _call_with_frames_removed
  File "/opt/airflow/dags/reddit_dag.py", line 23, in <module>
    extract = PythonOperator(
NameError: name 'PythonOperator' is not defined
[2024-02-20T17:57:25.240+0000] {processor.py:842} WARNING - No viable dags retrieved from /opt/airflow/dags/reddit_dag.py
[2024-02-20T17:57:25.257+0000] {processor.py:183} INFO - Processing /opt/airflow/dags/reddit_dag.py took 0.058 seconds
[2024-02-20T17:57:55.405+0000] {processor.py:161} INFO - Started process (PID=44) to work on /opt/airflow/dags/reddit_dag.py
[2024-02-20T17:57:55.406+0000] {processor.py:830} INFO - Processing file /opt/airflow/dags/reddit_dag.py for tasks to queue
[2024-02-20T17:57:55.408+0000] {logging_mixin.py:188} INFO - [2024-02-20T17:57:55.408+0000] {dagbag.py:538} INFO - Filling up the DagBag from /opt/airflow/dags/reddit_dag.py
[2024-02-20T17:57:55.437+0000] {logging_mixin.py:188} INFO - [2024-02-20T17:57:55.432+0000] {dagbag.py:348} ERROR - Failed to import: /opt/airflow/dags/reddit_dag.py
Traceback (most recent call last):
  File "/home/airflow/.local/lib/python3.10/site-packages/airflow/models/dagbag.py", line 344, in parse
    loader.exec_module(new_module)
  File "<frozen importlib._bootstrap_external>", line 883, in exec_module
  File "<frozen importlib._bootstrap>", line 241, in _call_with_frames_removed
  File "/opt/airflow/dags/reddit_dag.py", line 23, in <module>
    extract = PythonOperator(
NameError: name 'PythonOperator' is not defined
[2024-02-20T17:57:55.439+0000] {processor.py:842} WARNING - No viable dags retrieved from /opt/airflow/dags/reddit_dag.py
[2024-02-20T17:57:55.454+0000] {processor.py:183} INFO - Processing /opt/airflow/dags/reddit_dag.py took 0.052 seconds
[2024-02-20T17:58:25.682+0000] {processor.py:161} INFO - Started process (PID=45) to work on /opt/airflow/dags/reddit_dag.py
[2024-02-20T17:58:25.683+0000] {processor.py:830} INFO - Processing file /opt/airflow/dags/reddit_dag.py for tasks to queue
[2024-02-20T17:58:25.685+0000] {logging_mixin.py:188} INFO - [2024-02-20T17:58:25.685+0000] {dagbag.py:538} INFO - Filling up the DagBag from /opt/airflow/dags/reddit_dag.py
[2024-02-20T17:58:25.716+0000] {logging_mixin.py:188} INFO - [2024-02-20T17:58:25.709+0000] {dagbag.py:348} ERROR - Failed to import: /opt/airflow/dags/reddit_dag.py
Traceback (most recent call last):
  File "/home/airflow/.local/lib/python3.10/site-packages/airflow/models/dagbag.py", line 344, in parse
    loader.exec_module(new_module)
  File "<frozen importlib._bootstrap_external>", line 883, in exec_module
  File "<frozen importlib._bootstrap>", line 241, in _call_with_frames_removed
  File "/opt/airflow/dags/reddit_dag.py", line 23, in <module>
    extract = PythonOperator(
NameError: name 'PythonOperator' is not defined
[2024-02-20T17:58:25.718+0000] {processor.py:842} WARNING - No viable dags retrieved from /opt/airflow/dags/reddit_dag.py
[2024-02-20T17:58:25.735+0000] {processor.py:183} INFO - Processing /opt/airflow/dags/reddit_dag.py took 0.056 seconds
[2024-02-20T17:58:55.908+0000] {processor.py:161} INFO - Started process (PID=46) to work on /opt/airflow/dags/reddit_dag.py
[2024-02-20T17:58:55.909+0000] {processor.py:830} INFO - Processing file /opt/airflow/dags/reddit_dag.py for tasks to queue
[2024-02-20T17:58:55.911+0000] {logging_mixin.py:188} INFO - [2024-02-20T17:58:55.911+0000] {dagbag.py:538} INFO - Filling up the DagBag from /opt/airflow/dags/reddit_dag.py
[2024-02-20T17:58:55.945+0000] {logging_mixin.py:188} INFO - [2024-02-20T17:58:55.939+0000] {dagbag.py:348} ERROR - Failed to import: /opt/airflow/dags/reddit_dag.py
Traceback (most recent call last):
  File "/home/airflow/.local/lib/python3.10/site-packages/airflow/models/dagbag.py", line 344, in parse
    loader.exec_module(new_module)
  File "<frozen importlib._bootstrap_external>", line 883, in exec_module
  File "<frozen importlib._bootstrap>", line 241, in _call_with_frames_removed
  File "/opt/airflow/dags/reddit_dag.py", line 23, in <module>
    extract = PythonOperator(
NameError: name 'PythonOperator' is not defined
[2024-02-20T17:58:55.948+0000] {processor.py:842} WARNING - No viable dags retrieved from /opt/airflow/dags/reddit_dag.py
[2024-02-20T17:58:55.964+0000] {processor.py:183} INFO - Processing /opt/airflow/dags/reddit_dag.py took 0.060 seconds
[2024-02-20T17:59:26.212+0000] {processor.py:161} INFO - Started process (PID=47) to work on /opt/airflow/dags/reddit_dag.py
[2024-02-20T17:59:26.215+0000] {processor.py:830} INFO - Processing file /opt/airflow/dags/reddit_dag.py for tasks to queue
[2024-02-20T17:59:26.217+0000] {logging_mixin.py:188} INFO - [2024-02-20T17:59:26.217+0000] {dagbag.py:538} INFO - Filling up the DagBag from /opt/airflow/dags/reddit_dag.py
[2024-02-20T17:59:26.254+0000] {logging_mixin.py:188} INFO - [2024-02-20T17:59:26.245+0000] {dagbag.py:348} ERROR - Failed to import: /opt/airflow/dags/reddit_dag.py
Traceback (most recent call last):
  File "/home/airflow/.local/lib/python3.10/site-packages/airflow/models/dagbag.py", line 344, in parse
    loader.exec_module(new_module)
  File "<frozen importlib._bootstrap_external>", line 883, in exec_module
  File "<frozen importlib._bootstrap>", line 241, in _call_with_frames_removed
  File "/opt/airflow/dags/reddit_dag.py", line 23, in <module>
    extract = PythonOperator(
NameError: name 'PythonOperator' is not defined
[2024-02-20T17:59:26.257+0000] {processor.py:842} WARNING - No viable dags retrieved from /opt/airflow/dags/reddit_dag.py
[2024-02-20T17:59:26.274+0000] {processor.py:183} INFO - Processing /opt/airflow/dags/reddit_dag.py took 0.064 seconds
[2024-02-20T17:59:56.434+0000] {processor.py:161} INFO - Started process (PID=48) to work on /opt/airflow/dags/reddit_dag.py
[2024-02-20T17:59:56.435+0000] {processor.py:830} INFO - Processing file /opt/airflow/dags/reddit_dag.py for tasks to queue
[2024-02-20T17:59:56.438+0000] {logging_mixin.py:188} INFO - [2024-02-20T17:59:56.437+0000] {dagbag.py:538} INFO - Filling up the DagBag from /opt/airflow/dags/reddit_dag.py
[2024-02-20T17:59:56.484+0000] {logging_mixin.py:188} INFO - [2024-02-20T17:59:56.477+0000] {dagbag.py:348} ERROR - Failed to import: /opt/airflow/dags/reddit_dag.py
Traceback (most recent call last):
  File "/home/airflow/.local/lib/python3.10/site-packages/airflow/models/dagbag.py", line 344, in parse
    loader.exec_module(new_module)
  File "<frozen importlib._bootstrap_external>", line 883, in exec_module
  File "<frozen importlib._bootstrap>", line 241, in _call_with_frames_removed
  File "/opt/airflow/dags/reddit_dag.py", line 23, in <module>
    extract = PythonOperator(
NameError: name 'PythonOperator' is not defined
[2024-02-20T17:59:56.486+0000] {processor.py:842} WARNING - No viable dags retrieved from /opt/airflow/dags/reddit_dag.py
[2024-02-20T17:59:56.519+0000] {processor.py:183} INFO - Processing /opt/airflow/dags/reddit_dag.py took 0.089 seconds
[2024-02-20T18:00:26.733+0000] {processor.py:161} INFO - Started process (PID=49) to work on /opt/airflow/dags/reddit_dag.py
[2024-02-20T18:00:26.734+0000] {processor.py:830} INFO - Processing file /opt/airflow/dags/reddit_dag.py for tasks to queue
[2024-02-20T18:00:26.736+0000] {logging_mixin.py:188} INFO - [2024-02-20T18:00:26.736+0000] {dagbag.py:538} INFO - Filling up the DagBag from /opt/airflow/dags/reddit_dag.py
[2024-02-20T18:00:26.769+0000] {logging_mixin.py:188} INFO - [2024-02-20T18:00:26.764+0000] {dagbag.py:348} ERROR - Failed to import: /opt/airflow/dags/reddit_dag.py
Traceback (most recent call last):
  File "/home/airflow/.local/lib/python3.10/site-packages/airflow/models/dagbag.py", line 344, in parse
    loader.exec_module(new_module)
  File "<frozen importlib._bootstrap_external>", line 883, in exec_module
  File "<frozen importlib._bootstrap>", line 241, in _call_with_frames_removed
  File "/opt/airflow/dags/reddit_dag.py", line 23, in <module>
    extract = PythonOperator(
NameError: name 'PythonOperator' is not defined
[2024-02-20T18:00:26.771+0000] {processor.py:842} WARNING - No viable dags retrieved from /opt/airflow/dags/reddit_dag.py
[2024-02-20T18:00:26.792+0000] {processor.py:183} INFO - Processing /opt/airflow/dags/reddit_dag.py took 0.062 seconds
[2024-02-20T18:00:57.011+0000] {processor.py:161} INFO - Started process (PID=50) to work on /opt/airflow/dags/reddit_dag.py
[2024-02-20T18:00:57.012+0000] {processor.py:830} INFO - Processing file /opt/airflow/dags/reddit_dag.py for tasks to queue
[2024-02-20T18:00:57.014+0000] {logging_mixin.py:188} INFO - [2024-02-20T18:00:57.014+0000] {dagbag.py:538} INFO - Filling up the DagBag from /opt/airflow/dags/reddit_dag.py
[2024-02-20T18:00:57.054+0000] {logging_mixin.py:188} INFO - [2024-02-20T18:00:57.046+0000] {dagbag.py:348} ERROR - Failed to import: /opt/airflow/dags/reddit_dag.py
Traceback (most recent call last):
  File "/home/airflow/.local/lib/python3.10/site-packages/airflow/models/dagbag.py", line 344, in parse
    loader.exec_module(new_module)
  File "<frozen importlib._bootstrap_external>", line 883, in exec_module
  File "<frozen importlib._bootstrap>", line 241, in _call_with_frames_removed
  File "/opt/airflow/dags/reddit_dag.py", line 23, in <module>
    extract = PythonOperator(
NameError: name 'PythonOperator' is not defined
[2024-02-20T18:00:57.057+0000] {processor.py:842} WARNING - No viable dags retrieved from /opt/airflow/dags/reddit_dag.py
[2024-02-20T18:00:57.075+0000] {processor.py:183} INFO - Processing /opt/airflow/dags/reddit_dag.py took 0.069 seconds
[2024-02-20T18:01:27.272+0000] {processor.py:161} INFO - Started process (PID=51) to work on /opt/airflow/dags/reddit_dag.py
[2024-02-20T18:01:27.273+0000] {processor.py:830} INFO - Processing file /opt/airflow/dags/reddit_dag.py for tasks to queue
[2024-02-20T18:01:27.276+0000] {logging_mixin.py:188} INFO - [2024-02-20T18:01:27.275+0000] {dagbag.py:538} INFO - Filling up the DagBag from /opt/airflow/dags/reddit_dag.py
[2024-02-20T18:01:27.312+0000] {logging_mixin.py:188} INFO - [2024-02-20T18:01:27.304+0000] {dagbag.py:348} ERROR - Failed to import: /opt/airflow/dags/reddit_dag.py
Traceback (most recent call last):
  File "/home/airflow/.local/lib/python3.10/site-packages/airflow/models/dagbag.py", line 344, in parse
    loader.exec_module(new_module)
  File "<frozen importlib._bootstrap_external>", line 883, in exec_module
  File "<frozen importlib._bootstrap>", line 241, in _call_with_frames_removed
  File "/opt/airflow/dags/reddit_dag.py", line 23, in <module>
    extract = PythonOperator(
NameError: name 'PythonOperator' is not defined
[2024-02-20T18:01:27.315+0000] {processor.py:842} WARNING - No viable dags retrieved from /opt/airflow/dags/reddit_dag.py
[2024-02-20T18:01:27.334+0000] {processor.py:183} INFO - Processing /opt/airflow/dags/reddit_dag.py took 0.065 seconds
[2024-02-20T18:01:57.523+0000] {processor.py:161} INFO - Started process (PID=52) to work on /opt/airflow/dags/reddit_dag.py
[2024-02-20T18:01:57.525+0000] {processor.py:830} INFO - Processing file /opt/airflow/dags/reddit_dag.py for tasks to queue
[2024-02-20T18:01:57.527+0000] {logging_mixin.py:188} INFO - [2024-02-20T18:01:57.526+0000] {dagbag.py:538} INFO - Filling up the DagBag from /opt/airflow/dags/reddit_dag.py
[2024-02-20T18:01:57.563+0000] {logging_mixin.py:188} INFO - [2024-02-20T18:01:57.557+0000] {dagbag.py:348} ERROR - Failed to import: /opt/airflow/dags/reddit_dag.py
Traceback (most recent call last):
  File "/home/airflow/.local/lib/python3.10/site-packages/airflow/models/dagbag.py", line 344, in parse
    loader.exec_module(new_module)
  File "<frozen importlib._bootstrap_external>", line 883, in exec_module
  File "<frozen importlib._bootstrap>", line 241, in _call_with_frames_removed
  File "/opt/airflow/dags/reddit_dag.py", line 23, in <module>
    extract = PythonOperator(
NameError: name 'PythonOperator' is not defined
[2024-02-20T18:01:57.565+0000] {processor.py:842} WARNING - No viable dags retrieved from /opt/airflow/dags/reddit_dag.py
[2024-02-20T18:01:57.585+0000] {processor.py:183} INFO - Processing /opt/airflow/dags/reddit_dag.py took 0.064 seconds
[2024-02-20T18:02:27.772+0000] {processor.py:161} INFO - Started process (PID=53) to work on /opt/airflow/dags/reddit_dag.py
[2024-02-20T18:02:27.773+0000] {processor.py:830} INFO - Processing file /opt/airflow/dags/reddit_dag.py for tasks to queue
[2024-02-20T18:02:27.775+0000] {logging_mixin.py:188} INFO - [2024-02-20T18:02:27.775+0000] {dagbag.py:538} INFO - Filling up the DagBag from /opt/airflow/dags/reddit_dag.py
[2024-02-20T18:02:27.818+0000] {logging_mixin.py:188} INFO - [2024-02-20T18:02:27.810+0000] {dagbag.py:348} ERROR - Failed to import: /opt/airflow/dags/reddit_dag.py
Traceback (most recent call last):
  File "/home/airflow/.local/lib/python3.10/site-packages/airflow/models/dagbag.py", line 344, in parse
    loader.exec_module(new_module)
  File "<frozen importlib._bootstrap_external>", line 883, in exec_module
  File "<frozen importlib._bootstrap>", line 241, in _call_with_frames_removed
  File "/opt/airflow/dags/reddit_dag.py", line 23, in <module>
    extract = PythonOperator(
NameError: name 'PythonOperator' is not defined
[2024-02-20T18:02:27.822+0000] {processor.py:842} WARNING - No viable dags retrieved from /opt/airflow/dags/reddit_dag.py
[2024-02-20T18:02:27.838+0000] {processor.py:183} INFO - Processing /opt/airflow/dags/reddit_dag.py took 0.069 seconds
[2024-02-20T18:02:58.041+0000] {processor.py:161} INFO - Started process (PID=54) to work on /opt/airflow/dags/reddit_dag.py
[2024-02-20T18:02:58.043+0000] {processor.py:830} INFO - Processing file /opt/airflow/dags/reddit_dag.py for tasks to queue
[2024-02-20T18:02:58.045+0000] {logging_mixin.py:188} INFO - [2024-02-20T18:02:58.045+0000] {dagbag.py:538} INFO - Filling up the DagBag from /opt/airflow/dags/reddit_dag.py
[2024-02-20T18:02:58.089+0000] {logging_mixin.py:188} INFO - [2024-02-20T18:02:58.079+0000] {dagbag.py:348} ERROR - Failed to import: /opt/airflow/dags/reddit_dag.py
Traceback (most recent call last):
  File "/home/airflow/.local/lib/python3.10/site-packages/airflow/models/dagbag.py", line 344, in parse
    loader.exec_module(new_module)
  File "<frozen importlib._bootstrap_external>", line 883, in exec_module
  File "<frozen importlib._bootstrap>", line 241, in _call_with_frames_removed
  File "/opt/airflow/dags/reddit_dag.py", line 23, in <module>
    extract = PythonOperator(
NameError: name 'PythonOperator' is not defined
[2024-02-20T18:02:58.092+0000] {processor.py:842} WARNING - No viable dags retrieved from /opt/airflow/dags/reddit_dag.py
[2024-02-20T18:02:58.106+0000] {processor.py:183} INFO - Processing /opt/airflow/dags/reddit_dag.py took 0.068 seconds
[2024-02-20T18:03:28.285+0000] {processor.py:161} INFO - Started process (PID=55) to work on /opt/airflow/dags/reddit_dag.py
[2024-02-20T18:03:28.287+0000] {processor.py:830} INFO - Processing file /opt/airflow/dags/reddit_dag.py for tasks to queue
[2024-02-20T18:03:28.289+0000] {logging_mixin.py:188} INFO - [2024-02-20T18:03:28.288+0000] {dagbag.py:538} INFO - Filling up the DagBag from /opt/airflow/dags/reddit_dag.py
[2024-02-20T18:03:28.325+0000] {logging_mixin.py:188} INFO - [2024-02-20T18:03:28.318+0000] {dagbag.py:348} ERROR - Failed to import: /opt/airflow/dags/reddit_dag.py
Traceback (most recent call last):
  File "/home/airflow/.local/lib/python3.10/site-packages/airflow/models/dagbag.py", line 344, in parse
    loader.exec_module(new_module)
  File "<frozen importlib._bootstrap_external>", line 883, in exec_module
  File "<frozen importlib._bootstrap>", line 241, in _call_with_frames_removed
  File "/opt/airflow/dags/reddit_dag.py", line 23, in <module>
    extract = PythonOperator(
NameError: name 'PythonOperator' is not defined
[2024-02-20T18:03:28.329+0000] {processor.py:842} WARNING - No viable dags retrieved from /opt/airflow/dags/reddit_dag.py
[2024-02-20T18:03:28.349+0000] {processor.py:183} INFO - Processing /opt/airflow/dags/reddit_dag.py took 0.067 seconds
[2024-02-20T18:03:58.577+0000] {processor.py:161} INFO - Started process (PID=56) to work on /opt/airflow/dags/reddit_dag.py
[2024-02-20T18:03:58.579+0000] {processor.py:830} INFO - Processing file /opt/airflow/dags/reddit_dag.py for tasks to queue
[2024-02-20T18:03:58.581+0000] {logging_mixin.py:188} INFO - [2024-02-20T18:03:58.581+0000] {dagbag.py:538} INFO - Filling up the DagBag from /opt/airflow/dags/reddit_dag.py
[2024-02-20T18:03:58.625+0000] {logging_mixin.py:188} INFO - [2024-02-20T18:03:58.616+0000] {dagbag.py:348} ERROR - Failed to import: /opt/airflow/dags/reddit_dag.py
Traceback (most recent call last):
  File "/home/airflow/.local/lib/python3.10/site-packages/airflow/models/dagbag.py", line 344, in parse
    loader.exec_module(new_module)
  File "<frozen importlib._bootstrap_external>", line 883, in exec_module
  File "<frozen importlib._bootstrap>", line 241, in _call_with_frames_removed
  File "/opt/airflow/dags/reddit_dag.py", line 23, in <module>
    extract = PythonOperator(
NameError: name 'PythonOperator' is not defined
[2024-02-20T18:03:58.628+0000] {processor.py:842} WARNING - No viable dags retrieved from /opt/airflow/dags/reddit_dag.py
[2024-02-20T18:03:58.646+0000] {processor.py:183} INFO - Processing /opt/airflow/dags/reddit_dag.py took 0.072 seconds
[2024-02-20T18:04:28.854+0000] {processor.py:161} INFO - Started process (PID=57) to work on /opt/airflow/dags/reddit_dag.py
[2024-02-20T18:04:28.856+0000] {processor.py:830} INFO - Processing file /opt/airflow/dags/reddit_dag.py for tasks to queue
[2024-02-20T18:04:28.858+0000] {logging_mixin.py:188} INFO - [2024-02-20T18:04:28.858+0000] {dagbag.py:538} INFO - Filling up the DagBag from /opt/airflow/dags/reddit_dag.py
[2024-02-20T18:04:28.898+0000] {logging_mixin.py:188} INFO - [2024-02-20T18:04:28.890+0000] {dagbag.py:348} ERROR - Failed to import: /opt/airflow/dags/reddit_dag.py
Traceback (most recent call last):
  File "/home/airflow/.local/lib/python3.10/site-packages/airflow/models/dagbag.py", line 344, in parse
    loader.exec_module(new_module)
  File "<frozen importlib._bootstrap_external>", line 883, in exec_module
  File "<frozen importlib._bootstrap>", line 241, in _call_with_frames_removed
  File "/opt/airflow/dags/reddit_dag.py", line 23, in <module>
    extract = PythonOperator(
NameError: name 'PythonOperator' is not defined
[2024-02-20T18:04:28.901+0000] {processor.py:842} WARNING - No viable dags retrieved from /opt/airflow/dags/reddit_dag.py
[2024-02-20T18:04:28.919+0000] {processor.py:183} INFO - Processing /opt/airflow/dags/reddit_dag.py took 0.068 seconds
[2024-02-20T18:04:59.104+0000] {processor.py:161} INFO - Started process (PID=58) to work on /opt/airflow/dags/reddit_dag.py
[2024-02-20T18:04:59.106+0000] {processor.py:830} INFO - Processing file /opt/airflow/dags/reddit_dag.py for tasks to queue
[2024-02-20T18:04:59.108+0000] {logging_mixin.py:188} INFO - [2024-02-20T18:04:59.108+0000] {dagbag.py:538} INFO - Filling up the DagBag from /opt/airflow/dags/reddit_dag.py
[2024-02-20T18:04:59.156+0000] {logging_mixin.py:188} INFO - [2024-02-20T18:04:59.144+0000] {dagbag.py:348} ERROR - Failed to import: /opt/airflow/dags/reddit_dag.py
Traceback (most recent call last):
  File "/home/airflow/.local/lib/python3.10/site-packages/airflow/models/dagbag.py", line 344, in parse
    loader.exec_module(new_module)
  File "<frozen importlib._bootstrap_external>", line 883, in exec_module
  File "<frozen importlib._bootstrap>", line 241, in _call_with_frames_removed
  File "/opt/airflow/dags/reddit_dag.py", line 23, in <module>
    extract = PythonOperator(
NameError: name 'PythonOperator' is not defined
[2024-02-20T18:04:59.159+0000] {processor.py:842} WARNING - No viable dags retrieved from /opt/airflow/dags/reddit_dag.py
[2024-02-20T18:04:59.179+0000] {processor.py:183} INFO - Processing /opt/airflow/dags/reddit_dag.py took 0.077 seconds
[2024-02-20T18:05:29.374+0000] {processor.py:161} INFO - Started process (PID=59) to work on /opt/airflow/dags/reddit_dag.py
[2024-02-20T18:05:29.376+0000] {processor.py:830} INFO - Processing file /opt/airflow/dags/reddit_dag.py for tasks to queue
[2024-02-20T18:05:29.377+0000] {logging_mixin.py:188} INFO - [2024-02-20T18:05:29.377+0000] {dagbag.py:538} INFO - Filling up the DagBag from /opt/airflow/dags/reddit_dag.py
[2024-02-20T18:05:29.416+0000] {logging_mixin.py:188} INFO - [2024-02-20T18:05:29.408+0000] {dagbag.py:348} ERROR - Failed to import: /opt/airflow/dags/reddit_dag.py
Traceback (most recent call last):
  File "/home/airflow/.local/lib/python3.10/site-packages/airflow/models/dagbag.py", line 344, in parse
    loader.exec_module(new_module)
  File "<frozen importlib._bootstrap_external>", line 883, in exec_module
  File "<frozen importlib._bootstrap>", line 241, in _call_with_frames_removed
  File "/opt/airflow/dags/reddit_dag.py", line 23, in <module>
    extract = PythonOperator(
NameError: name 'PythonOperator' is not defined
[2024-02-20T18:05:29.418+0000] {processor.py:842} WARNING - No viable dags retrieved from /opt/airflow/dags/reddit_dag.py
[2024-02-20T18:05:29.442+0000] {processor.py:183} INFO - Processing /opt/airflow/dags/reddit_dag.py took 0.071 seconds
[2024-02-20T18:05:59.627+0000] {processor.py:161} INFO - Started process (PID=60) to work on /opt/airflow/dags/reddit_dag.py
[2024-02-20T18:05:59.628+0000] {processor.py:830} INFO - Processing file /opt/airflow/dags/reddit_dag.py for tasks to queue
[2024-02-20T18:05:59.630+0000] {logging_mixin.py:188} INFO - [2024-02-20T18:05:59.630+0000] {dagbag.py:538} INFO - Filling up the DagBag from /opt/airflow/dags/reddit_dag.py
[2024-02-20T18:05:59.666+0000] {logging_mixin.py:188} INFO - [2024-02-20T18:05:59.660+0000] {dagbag.py:348} ERROR - Failed to import: /opt/airflow/dags/reddit_dag.py
Traceback (most recent call last):
  File "/home/airflow/.local/lib/python3.10/site-packages/airflow/models/dagbag.py", line 344, in parse
    loader.exec_module(new_module)
  File "<frozen importlib._bootstrap_external>", line 883, in exec_module
  File "<frozen importlib._bootstrap>", line 241, in _call_with_frames_removed
  File "/opt/airflow/dags/reddit_dag.py", line 23, in <module>
    extract = PythonOperator(
NameError: name 'PythonOperator' is not defined
[2024-02-20T18:05:59.668+0000] {processor.py:842} WARNING - No viable dags retrieved from /opt/airflow/dags/reddit_dag.py
[2024-02-20T18:05:59.683+0000] {processor.py:183} INFO - Processing /opt/airflow/dags/reddit_dag.py took 0.059 seconds
[2024-02-20T18:06:29.878+0000] {processor.py:161} INFO - Started process (PID=61) to work on /opt/airflow/dags/reddit_dag.py
[2024-02-20T18:06:29.880+0000] {processor.py:830} INFO - Processing file /opt/airflow/dags/reddit_dag.py for tasks to queue
[2024-02-20T18:06:29.882+0000] {logging_mixin.py:188} INFO - [2024-02-20T18:06:29.881+0000] {dagbag.py:538} INFO - Filling up the DagBag from /opt/airflow/dags/reddit_dag.py
[2024-02-20T18:06:29.939+0000] {logging_mixin.py:188} INFO - [2024-02-20T18:06:29.928+0000] {dagbag.py:348} ERROR - Failed to import: /opt/airflow/dags/reddit_dag.py
Traceback (most recent call last):
  File "/home/airflow/.local/lib/python3.10/site-packages/airflow/models/dagbag.py", line 344, in parse
    loader.exec_module(new_module)
  File "<frozen importlib._bootstrap_external>", line 883, in exec_module
  File "<frozen importlib._bootstrap>", line 241, in _call_with_frames_removed
  File "/opt/airflow/dags/reddit_dag.py", line 23, in <module>
    extract = PythonOperator(
NameError: name 'PythonOperator' is not defined
[2024-02-20T18:06:29.943+0000] {processor.py:842} WARNING - No viable dags retrieved from /opt/airflow/dags/reddit_dag.py
[2024-02-20T18:06:29.961+0000] {processor.py:183} INFO - Processing /opt/airflow/dags/reddit_dag.py took 0.086 seconds
[2024-02-20T18:07:00.123+0000] {processor.py:161} INFO - Started process (PID=62) to work on /opt/airflow/dags/reddit_dag.py
[2024-02-20T18:07:00.124+0000] {processor.py:830} INFO - Processing file /opt/airflow/dags/reddit_dag.py for tasks to queue
[2024-02-20T18:07:00.126+0000] {logging_mixin.py:188} INFO - [2024-02-20T18:07:00.126+0000] {dagbag.py:538} INFO - Filling up the DagBag from /opt/airflow/dags/reddit_dag.py
[2024-02-20T18:07:00.166+0000] {logging_mixin.py:188} INFO - [2024-02-20T18:07:00.157+0000] {dagbag.py:348} ERROR - Failed to import: /opt/airflow/dags/reddit_dag.py
Traceback (most recent call last):
  File "/home/airflow/.local/lib/python3.10/site-packages/airflow/models/dagbag.py", line 344, in parse
    loader.exec_module(new_module)
  File "<frozen importlib._bootstrap_external>", line 883, in exec_module
  File "<frozen importlib._bootstrap>", line 241, in _call_with_frames_removed
  File "/opt/airflow/dags/reddit_dag.py", line 23, in <module>
    extract = PythonOperator(
NameError: name 'PythonOperator' is not defined
[2024-02-20T18:07:00.170+0000] {processor.py:842} WARNING - No viable dags retrieved from /opt/airflow/dags/reddit_dag.py
[2024-02-20T18:07:00.186+0000] {processor.py:183} INFO - Processing /opt/airflow/dags/reddit_dag.py took 0.067 seconds
[2024-02-20T18:07:30.367+0000] {processor.py:161} INFO - Started process (PID=63) to work on /opt/airflow/dags/reddit_dag.py
[2024-02-20T18:07:30.369+0000] {processor.py:830} INFO - Processing file /opt/airflow/dags/reddit_dag.py for tasks to queue
[2024-02-20T18:07:30.371+0000] {logging_mixin.py:188} INFO - [2024-02-20T18:07:30.370+0000] {dagbag.py:538} INFO - Filling up the DagBag from /opt/airflow/dags/reddit_dag.py
[2024-02-20T18:07:30.409+0000] {logging_mixin.py:188} INFO - [2024-02-20T18:07:30.402+0000] {dagbag.py:348} ERROR - Failed to import: /opt/airflow/dags/reddit_dag.py
Traceback (most recent call last):
  File "/home/airflow/.local/lib/python3.10/site-packages/airflow/models/dagbag.py", line 344, in parse
    loader.exec_module(new_module)
  File "<frozen importlib._bootstrap_external>", line 883, in exec_module
  File "<frozen importlib._bootstrap>", line 241, in _call_with_frames_removed
  File "/opt/airflow/dags/reddit_dag.py", line 23, in <module>
    extract = PythonOperator(
NameError: name 'PythonOperator' is not defined
[2024-02-20T18:07:30.412+0000] {processor.py:842} WARNING - No viable dags retrieved from /opt/airflow/dags/reddit_dag.py
[2024-02-20T18:07:30.431+0000] {processor.py:183} INFO - Processing /opt/airflow/dags/reddit_dag.py took 0.066 seconds
[2024-02-20T18:08:00.586+0000] {processor.py:161} INFO - Started process (PID=64) to work on /opt/airflow/dags/reddit_dag.py
[2024-02-20T18:08:00.587+0000] {processor.py:830} INFO - Processing file /opt/airflow/dags/reddit_dag.py for tasks to queue
[2024-02-20T18:08:00.590+0000] {logging_mixin.py:188} INFO - [2024-02-20T18:08:00.590+0000] {dagbag.py:538} INFO - Filling up the DagBag from /opt/airflow/dags/reddit_dag.py
[2024-02-20T18:08:00.616+0000] {logging_mixin.py:188} INFO - [2024-02-20T18:08:00.611+0000] {dagbag.py:348} ERROR - Failed to import: /opt/airflow/dags/reddit_dag.py
Traceback (most recent call last):
  File "/home/airflow/.local/lib/python3.10/site-packages/airflow/models/dagbag.py", line 344, in parse
    loader.exec_module(new_module)
  File "<frozen importlib._bootstrap_external>", line 883, in exec_module
  File "<frozen importlib._bootstrap>", line 241, in _call_with_frames_removed
  File "/opt/airflow/dags/reddit_dag.py", line 23, in <module>
    extract = PythonOperator(
NameError: name 'PythonOperator' is not defined
[2024-02-20T18:08:00.617+0000] {processor.py:842} WARNING - No viable dags retrieved from /opt/airflow/dags/reddit_dag.py
[2024-02-20T18:08:00.634+0000] {processor.py:183} INFO - Processing /opt/airflow/dags/reddit_dag.py took 0.052 seconds
[2024-02-20T18:08:30.840+0000] {processor.py:161} INFO - Started process (PID=65) to work on /opt/airflow/dags/reddit_dag.py
[2024-02-20T18:08:30.842+0000] {processor.py:830} INFO - Processing file /opt/airflow/dags/reddit_dag.py for tasks to queue
[2024-02-20T18:08:30.844+0000] {logging_mixin.py:188} INFO - [2024-02-20T18:08:30.844+0000] {dagbag.py:538} INFO - Filling up the DagBag from /opt/airflow/dags/reddit_dag.py
[2024-02-20T18:08:30.876+0000] {logging_mixin.py:188} INFO - [2024-02-20T18:08:30.870+0000] {dagbag.py:348} ERROR - Failed to import: /opt/airflow/dags/reddit_dag.py
Traceback (most recent call last):
  File "/home/airflow/.local/lib/python3.10/site-packages/airflow/models/dagbag.py", line 344, in parse
    loader.exec_module(new_module)
  File "<frozen importlib._bootstrap_external>", line 883, in exec_module
  File "<frozen importlib._bootstrap>", line 241, in _call_with_frames_removed
  File "/opt/airflow/dags/reddit_dag.py", line 23, in <module>
    extract = PythonOperator(
NameError: name 'PythonOperator' is not defined
[2024-02-20T18:08:30.879+0000] {processor.py:842} WARNING - No viable dags retrieved from /opt/airflow/dags/reddit_dag.py
[2024-02-20T18:08:30.898+0000] {processor.py:183} INFO - Processing /opt/airflow/dags/reddit_dag.py took 0.060 seconds
[2024-02-20T18:09:01.068+0000] {processor.py:161} INFO - Started process (PID=66) to work on /opt/airflow/dags/reddit_dag.py
[2024-02-20T18:09:01.069+0000] {processor.py:830} INFO - Processing file /opt/airflow/dags/reddit_dag.py for tasks to queue
[2024-02-20T18:09:01.071+0000] {logging_mixin.py:188} INFO - [2024-02-20T18:09:01.071+0000] {dagbag.py:538} INFO - Filling up the DagBag from /opt/airflow/dags/reddit_dag.py
[2024-02-20T18:09:01.099+0000] {logging_mixin.py:188} INFO - [2024-02-20T18:09:01.094+0000] {dagbag.py:348} ERROR - Failed to import: /opt/airflow/dags/reddit_dag.py
Traceback (most recent call last):
  File "/home/airflow/.local/lib/python3.10/site-packages/airflow/models/dagbag.py", line 344, in parse
    loader.exec_module(new_module)
  File "<frozen importlib._bootstrap_external>", line 883, in exec_module
  File "<frozen importlib._bootstrap>", line 241, in _call_with_frames_removed
  File "/opt/airflow/dags/reddit_dag.py", line 23, in <module>
    extract = PythonOperator(
NameError: name 'PythonOperator' is not defined
[2024-02-20T18:09:01.101+0000] {processor.py:842} WARNING - No viable dags retrieved from /opt/airflow/dags/reddit_dag.py
[2024-02-20T18:09:01.120+0000] {processor.py:183} INFO - Processing /opt/airflow/dags/reddit_dag.py took 0.056 seconds
[2024-02-20T18:09:31.373+0000] {processor.py:161} INFO - Started process (PID=67) to work on /opt/airflow/dags/reddit_dag.py
[2024-02-20T18:09:31.374+0000] {processor.py:830} INFO - Processing file /opt/airflow/dags/reddit_dag.py for tasks to queue
[2024-02-20T18:09:31.376+0000] {logging_mixin.py:188} INFO - [2024-02-20T18:09:31.375+0000] {dagbag.py:538} INFO - Filling up the DagBag from /opt/airflow/dags/reddit_dag.py
[2024-02-20T18:09:31.412+0000] {logging_mixin.py:188} INFO - [2024-02-20T18:09:31.405+0000] {dagbag.py:348} ERROR - Failed to import: /opt/airflow/dags/reddit_dag.py
Traceback (most recent call last):
  File "/home/airflow/.local/lib/python3.10/site-packages/airflow/models/dagbag.py", line 344, in parse
    loader.exec_module(new_module)
  File "<frozen importlib._bootstrap_external>", line 883, in exec_module
  File "<frozen importlib._bootstrap>", line 241, in _call_with_frames_removed
  File "/opt/airflow/dags/reddit_dag.py", line 23, in <module>
    extract = PythonOperator(
NameError: name 'PythonOperator' is not defined
[2024-02-20T18:09:31.413+0000] {processor.py:842} WARNING - No viable dags retrieved from /opt/airflow/dags/reddit_dag.py
[2024-02-20T18:09:31.435+0000] {processor.py:183} INFO - Processing /opt/airflow/dags/reddit_dag.py took 0.065 seconds
[2024-02-20T18:10:01.587+0000] {processor.py:161} INFO - Started process (PID=68) to work on /opt/airflow/dags/reddit_dag.py
[2024-02-20T18:10:01.588+0000] {processor.py:830} INFO - Processing file /opt/airflow/dags/reddit_dag.py for tasks to queue
[2024-02-20T18:10:01.590+0000] {logging_mixin.py:188} INFO - [2024-02-20T18:10:01.590+0000] {dagbag.py:538} INFO - Filling up the DagBag from /opt/airflow/dags/reddit_dag.py
[2024-02-20T18:10:01.618+0000] {logging_mixin.py:188} INFO - [2024-02-20T18:10:01.613+0000] {dagbag.py:348} ERROR - Failed to import: /opt/airflow/dags/reddit_dag.py
Traceback (most recent call last):
  File "/home/airflow/.local/lib/python3.10/site-packages/airflow/models/dagbag.py", line 344, in parse
    loader.exec_module(new_module)
  File "<frozen importlib._bootstrap_external>", line 883, in exec_module
  File "<frozen importlib._bootstrap>", line 241, in _call_with_frames_removed
  File "/opt/airflow/dags/reddit_dag.py", line 23, in <module>
    extract = PythonOperator(
NameError: name 'PythonOperator' is not defined
[2024-02-20T18:10:01.620+0000] {processor.py:842} WARNING - No viable dags retrieved from /opt/airflow/dags/reddit_dag.py
[2024-02-20T18:10:01.645+0000] {processor.py:183} INFO - Processing /opt/airflow/dags/reddit_dag.py took 0.062 seconds
[2024-02-20T18:10:31.854+0000] {processor.py:161} INFO - Started process (PID=69) to work on /opt/airflow/dags/reddit_dag.py
[2024-02-20T18:10:31.856+0000] {processor.py:830} INFO - Processing file /opt/airflow/dags/reddit_dag.py for tasks to queue
[2024-02-20T18:10:31.858+0000] {logging_mixin.py:188} INFO - [2024-02-20T18:10:31.858+0000] {dagbag.py:538} INFO - Filling up the DagBag from /opt/airflow/dags/reddit_dag.py
[2024-02-20T18:10:31.894+0000] {logging_mixin.py:188} INFO - [2024-02-20T18:10:31.887+0000] {dagbag.py:348} ERROR - Failed to import: /opt/airflow/dags/reddit_dag.py
Traceback (most recent call last):
  File "/home/airflow/.local/lib/python3.10/site-packages/airflow/models/dagbag.py", line 344, in parse
    loader.exec_module(new_module)
  File "<frozen importlib._bootstrap_external>", line 883, in exec_module
  File "<frozen importlib._bootstrap>", line 241, in _call_with_frames_removed
  File "/opt/airflow/dags/reddit_dag.py", line 23, in <module>
    extract = PythonOperator(
NameError: name 'PythonOperator' is not defined
[2024-02-20T18:10:31.898+0000] {processor.py:842} WARNING - No viable dags retrieved from /opt/airflow/dags/reddit_dag.py
[2024-02-20T18:10:31.916+0000] {processor.py:183} INFO - Processing /opt/airflow/dags/reddit_dag.py took 0.064 seconds
[2024-02-20T18:11:02.069+0000] {processor.py:161} INFO - Started process (PID=70) to work on /opt/airflow/dags/reddit_dag.py
[2024-02-20T18:11:02.071+0000] {processor.py:830} INFO - Processing file /opt/airflow/dags/reddit_dag.py for tasks to queue
[2024-02-20T18:11:02.074+0000] {logging_mixin.py:188} INFO - [2024-02-20T18:11:02.073+0000] {dagbag.py:538} INFO - Filling up the DagBag from /opt/airflow/dags/reddit_dag.py
[2024-02-20T18:11:02.115+0000] {logging_mixin.py:188} INFO - [2024-02-20T18:11:02.108+0000] {dagbag.py:348} ERROR - Failed to import: /opt/airflow/dags/reddit_dag.py
Traceback (most recent call last):
  File "/home/airflow/.local/lib/python3.10/site-packages/airflow/models/dagbag.py", line 344, in parse
    loader.exec_module(new_module)
  File "<frozen importlib._bootstrap_external>", line 883, in exec_module
  File "<frozen importlib._bootstrap>", line 241, in _call_with_frames_removed
  File "/opt/airflow/dags/reddit_dag.py", line 23, in <module>
    extract = PythonOperator(
NameError: name 'PythonOperator' is not defined
[2024-02-20T18:11:02.119+0000] {processor.py:842} WARNING - No viable dags retrieved from /opt/airflow/dags/reddit_dag.py
[2024-02-20T18:11:02.139+0000] {processor.py:183} INFO - Processing /opt/airflow/dags/reddit_dag.py took 0.073 seconds
[2024-02-20T18:11:32.315+0000] {processor.py:161} INFO - Started process (PID=71) to work on /opt/airflow/dags/reddit_dag.py
[2024-02-20T18:11:32.317+0000] {processor.py:830} INFO - Processing file /opt/airflow/dags/reddit_dag.py for tasks to queue
[2024-02-20T18:11:32.319+0000] {logging_mixin.py:188} INFO - [2024-02-20T18:11:32.318+0000] {dagbag.py:538} INFO - Filling up the DagBag from /opt/airflow/dags/reddit_dag.py
[2024-02-20T18:11:32.359+0000] {logging_mixin.py:188} INFO - [2024-02-20T18:11:32.351+0000] {dagbag.py:348} ERROR - Failed to import: /opt/airflow/dags/reddit_dag.py
Traceback (most recent call last):
  File "/home/airflow/.local/lib/python3.10/site-packages/airflow/models/dagbag.py", line 344, in parse
    loader.exec_module(new_module)
  File "<frozen importlib._bootstrap_external>", line 883, in exec_module
  File "<frozen importlib._bootstrap>", line 241, in _call_with_frames_removed
  File "/opt/airflow/dags/reddit_dag.py", line 23, in <module>
    extract = PythonOperator(
NameError: name 'PythonOperator' is not defined
[2024-02-20T18:11:32.361+0000] {processor.py:842} WARNING - No viable dags retrieved from /opt/airflow/dags/reddit_dag.py
[2024-02-20T18:11:32.382+0000] {processor.py:183} INFO - Processing /opt/airflow/dags/reddit_dag.py took 0.069 seconds
[2024-02-20T18:12:02.533+0000] {processor.py:161} INFO - Started process (PID=72) to work on /opt/airflow/dags/reddit_dag.py
[2024-02-20T18:12:02.534+0000] {processor.py:830} INFO - Processing file /opt/airflow/dags/reddit_dag.py for tasks to queue
[2024-02-20T18:12:02.536+0000] {logging_mixin.py:188} INFO - [2024-02-20T18:12:02.536+0000] {dagbag.py:538} INFO - Filling up the DagBag from /opt/airflow/dags/reddit_dag.py
[2024-02-20T18:12:02.570+0000] {logging_mixin.py:188} INFO - [2024-02-20T18:12:02.565+0000] {dagbag.py:348} ERROR - Failed to import: /opt/airflow/dags/reddit_dag.py
Traceback (most recent call last):
  File "/home/airflow/.local/lib/python3.10/site-packages/airflow/models/dagbag.py", line 344, in parse
    loader.exec_module(new_module)
  File "<frozen importlib._bootstrap_external>", line 883, in exec_module
  File "<frozen importlib._bootstrap>", line 241, in _call_with_frames_removed
  File "/opt/airflow/dags/reddit_dag.py", line 23, in <module>
    extract = PythonOperator(
NameError: name 'PythonOperator' is not defined
[2024-02-20T18:12:02.572+0000] {processor.py:842} WARNING - No viable dags retrieved from /opt/airflow/dags/reddit_dag.py
[2024-02-20T18:12:02.591+0000] {processor.py:183} INFO - Processing /opt/airflow/dags/reddit_dag.py took 0.061 seconds
[2024-02-20T18:12:32.780+0000] {processor.py:161} INFO - Started process (PID=73) to work on /opt/airflow/dags/reddit_dag.py
[2024-02-20T18:12:32.781+0000] {processor.py:830} INFO - Processing file /opt/airflow/dags/reddit_dag.py for tasks to queue
[2024-02-20T18:12:32.783+0000] {logging_mixin.py:188} INFO - [2024-02-20T18:12:32.783+0000] {dagbag.py:538} INFO - Filling up the DagBag from /opt/airflow/dags/reddit_dag.py
[2024-02-20T18:12:32.812+0000] {logging_mixin.py:188} INFO - [2024-02-20T18:12:32.807+0000] {dagbag.py:348} ERROR - Failed to import: /opt/airflow/dags/reddit_dag.py
Traceback (most recent call last):
  File "/home/airflow/.local/lib/python3.10/site-packages/airflow/models/dagbag.py", line 344, in parse
    loader.exec_module(new_module)
  File "<frozen importlib._bootstrap_external>", line 883, in exec_module
  File "<frozen importlib._bootstrap>", line 241, in _call_with_frames_removed
  File "/opt/airflow/dags/reddit_dag.py", line 23, in <module>
    extract = PythonOperator(
NameError: name 'PythonOperator' is not defined
[2024-02-20T18:12:32.814+0000] {processor.py:842} WARNING - No viable dags retrieved from /opt/airflow/dags/reddit_dag.py
[2024-02-20T18:12:32.831+0000] {processor.py:183} INFO - Processing /opt/airflow/dags/reddit_dag.py took 0.054 seconds
[2024-02-20T18:13:02.999+0000] {processor.py:161} INFO - Started process (PID=74) to work on /opt/airflow/dags/reddit_dag.py
[2024-02-20T18:13:03.001+0000] {processor.py:830} INFO - Processing file /opt/airflow/dags/reddit_dag.py for tasks to queue
[2024-02-20T18:13:03.003+0000] {logging_mixin.py:188} INFO - [2024-02-20T18:13:03.003+0000] {dagbag.py:538} INFO - Filling up the DagBag from /opt/airflow/dags/reddit_dag.py
[2024-02-20T18:13:03.037+0000] {logging_mixin.py:188} INFO - [2024-02-20T18:13:03.030+0000] {dagbag.py:348} ERROR - Failed to import: /opt/airflow/dags/reddit_dag.py
Traceback (most recent call last):
  File "/home/airflow/.local/lib/python3.10/site-packages/airflow/models/dagbag.py", line 344, in parse
    loader.exec_module(new_module)
  File "<frozen importlib._bootstrap_external>", line 883, in exec_module
  File "<frozen importlib._bootstrap>", line 241, in _call_with_frames_removed
  File "/opt/airflow/dags/reddit_dag.py", line 23, in <module>
    extract = PythonOperator(
NameError: name 'PythonOperator' is not defined
[2024-02-20T18:13:03.039+0000] {processor.py:842} WARNING - No viable dags retrieved from /opt/airflow/dags/reddit_dag.py
[2024-02-20T18:13:03.057+0000] {processor.py:183} INFO - Processing /opt/airflow/dags/reddit_dag.py took 0.060 seconds
[2024-02-20T18:13:33.231+0000] {processor.py:161} INFO - Started process (PID=75) to work on /opt/airflow/dags/reddit_dag.py
[2024-02-20T18:13:33.232+0000] {processor.py:830} INFO - Processing file /opt/airflow/dags/reddit_dag.py for tasks to queue
[2024-02-20T18:13:33.234+0000] {logging_mixin.py:188} INFO - [2024-02-20T18:13:33.234+0000] {dagbag.py:538} INFO - Filling up the DagBag from /opt/airflow/dags/reddit_dag.py
[2024-02-20T18:13:33.260+0000] {logging_mixin.py:188} INFO - [2024-02-20T18:13:33.256+0000] {dagbag.py:348} ERROR - Failed to import: /opt/airflow/dags/reddit_dag.py
Traceback (most recent call last):
  File "/home/airflow/.local/lib/python3.10/site-packages/airflow/models/dagbag.py", line 344, in parse
    loader.exec_module(new_module)
  File "<frozen importlib._bootstrap_external>", line 883, in exec_module
  File "<frozen importlib._bootstrap>", line 241, in _call_with_frames_removed
  File "/opt/airflow/dags/reddit_dag.py", line 23, in <module>
    extract = PythonOperator(
NameError: name 'PythonOperator' is not defined
[2024-02-20T18:13:33.263+0000] {processor.py:842} WARNING - No viable dags retrieved from /opt/airflow/dags/reddit_dag.py
[2024-02-20T18:13:33.281+0000] {processor.py:183} INFO - Processing /opt/airflow/dags/reddit_dag.py took 0.053 seconds
[2024-02-20T18:14:03.465+0000] {processor.py:161} INFO - Started process (PID=76) to work on /opt/airflow/dags/reddit_dag.py
[2024-02-20T18:14:03.466+0000] {processor.py:830} INFO - Processing file /opt/airflow/dags/reddit_dag.py for tasks to queue
[2024-02-20T18:14:03.469+0000] {logging_mixin.py:188} INFO - [2024-02-20T18:14:03.469+0000] {dagbag.py:538} INFO - Filling up the DagBag from /opt/airflow/dags/reddit_dag.py
[2024-02-20T18:14:03.512+0000] {logging_mixin.py:188} INFO - [2024-02-20T18:14:03.501+0000] {dagbag.py:348} ERROR - Failed to import: /opt/airflow/dags/reddit_dag.py
Traceback (most recent call last):
  File "/home/airflow/.local/lib/python3.10/site-packages/airflow/models/dagbag.py", line 344, in parse
    loader.exec_module(new_module)
  File "<frozen importlib._bootstrap_external>", line 883, in exec_module
  File "<frozen importlib._bootstrap>", line 241, in _call_with_frames_removed
  File "/opt/airflow/dags/reddit_dag.py", line 23, in <module>
    extract = PythonOperator(
NameError: name 'PythonOperator' is not defined
[2024-02-20T18:14:03.516+0000] {processor.py:842} WARNING - No viable dags retrieved from /opt/airflow/dags/reddit_dag.py
[2024-02-20T18:14:03.535+0000] {processor.py:183} INFO - Processing /opt/airflow/dags/reddit_dag.py took 0.073 seconds
[2024-02-20T18:14:33.732+0000] {processor.py:161} INFO - Started process (PID=77) to work on /opt/airflow/dags/reddit_dag.py
[2024-02-20T18:14:33.733+0000] {processor.py:830} INFO - Processing file /opt/airflow/dags/reddit_dag.py for tasks to queue
[2024-02-20T18:14:33.735+0000] {logging_mixin.py:188} INFO - [2024-02-20T18:14:33.735+0000] {dagbag.py:538} INFO - Filling up the DagBag from /opt/airflow/dags/reddit_dag.py
[2024-02-20T18:14:33.770+0000] {logging_mixin.py:188} INFO - [2024-02-20T18:14:33.762+0000] {dagbag.py:348} ERROR - Failed to import: /opt/airflow/dags/reddit_dag.py
Traceback (most recent call last):
  File "/home/airflow/.local/lib/python3.10/site-packages/airflow/models/dagbag.py", line 344, in parse
    loader.exec_module(new_module)
  File "<frozen importlib._bootstrap_external>", line 883, in exec_module
  File "<frozen importlib._bootstrap>", line 241, in _call_with_frames_removed
  File "/opt/airflow/dags/reddit_dag.py", line 23, in <module>
    extract = PythonOperator(
NameError: name 'PythonOperator' is not defined
[2024-02-20T18:14:33.773+0000] {processor.py:842} WARNING - No viable dags retrieved from /opt/airflow/dags/reddit_dag.py
[2024-02-20T18:14:33.792+0000] {processor.py:183} INFO - Processing /opt/airflow/dags/reddit_dag.py took 0.063 seconds
[2024-02-20T18:15:03.952+0000] {processor.py:161} INFO - Started process (PID=78) to work on /opt/airflow/dags/reddit_dag.py
[2024-02-20T18:15:03.954+0000] {processor.py:830} INFO - Processing file /opt/airflow/dags/reddit_dag.py for tasks to queue
[2024-02-20T18:15:03.956+0000] {logging_mixin.py:188} INFO - [2024-02-20T18:15:03.956+0000] {dagbag.py:538} INFO - Filling up the DagBag from /opt/airflow/dags/reddit_dag.py
[2024-02-20T18:15:04.001+0000] {logging_mixin.py:188} INFO - [2024-02-20T18:15:03.992+0000] {dagbag.py:348} ERROR - Failed to import: /opt/airflow/dags/reddit_dag.py
Traceback (most recent call last):
  File "/home/airflow/.local/lib/python3.10/site-packages/airflow/models/dagbag.py", line 344, in parse
    loader.exec_module(new_module)
  File "<frozen importlib._bootstrap_external>", line 883, in exec_module
  File "<frozen importlib._bootstrap>", line 241, in _call_with_frames_removed
  File "/opt/airflow/dags/reddit_dag.py", line 23, in <module>
    extract = PythonOperator(
NameError: name 'PythonOperator' is not defined
[2024-02-20T18:15:04.004+0000] {processor.py:842} WARNING - No viable dags retrieved from /opt/airflow/dags/reddit_dag.py
[2024-02-20T18:15:04.023+0000] {processor.py:183} INFO - Processing /opt/airflow/dags/reddit_dag.py took 0.074 seconds
[2024-02-20T18:15:34.185+0000] {processor.py:161} INFO - Started process (PID=79) to work on /opt/airflow/dags/reddit_dag.py
[2024-02-20T18:15:34.187+0000] {processor.py:830} INFO - Processing file /opt/airflow/dags/reddit_dag.py for tasks to queue
[2024-02-20T18:15:34.189+0000] {logging_mixin.py:188} INFO - [2024-02-20T18:15:34.188+0000] {dagbag.py:538} INFO - Filling up the DagBag from /opt/airflow/dags/reddit_dag.py
[2024-02-20T18:15:34.224+0000] {logging_mixin.py:188} INFO - [2024-02-20T18:15:34.215+0000] {dagbag.py:348} ERROR - Failed to import: /opt/airflow/dags/reddit_dag.py
Traceback (most recent call last):
  File "/home/airflow/.local/lib/python3.10/site-packages/airflow/models/dagbag.py", line 344, in parse
    loader.exec_module(new_module)
  File "<frozen importlib._bootstrap_external>", line 883, in exec_module
  File "<frozen importlib._bootstrap>", line 241, in _call_with_frames_removed
  File "/opt/airflow/dags/reddit_dag.py", line 23, in <module>
    extract = PythonOperator(
NameError: name 'PythonOperator' is not defined
[2024-02-20T18:15:34.227+0000] {processor.py:842} WARNING - No viable dags retrieved from /opt/airflow/dags/reddit_dag.py
[2024-02-20T18:15:34.248+0000] {processor.py:183} INFO - Processing /opt/airflow/dags/reddit_dag.py took 0.065 seconds
[2024-02-20T18:16:04.436+0000] {processor.py:161} INFO - Started process (PID=80) to work on /opt/airflow/dags/reddit_dag.py
[2024-02-20T18:16:04.437+0000] {processor.py:830} INFO - Processing file /opt/airflow/dags/reddit_dag.py for tasks to queue
[2024-02-20T18:16:04.439+0000] {logging_mixin.py:188} INFO - [2024-02-20T18:16:04.439+0000] {dagbag.py:538} INFO - Filling up the DagBag from /opt/airflow/dags/reddit_dag.py
[2024-02-20T18:16:04.472+0000] {logging_mixin.py:188} INFO - [2024-02-20T18:16:04.467+0000] {dagbag.py:348} ERROR - Failed to import: /opt/airflow/dags/reddit_dag.py
Traceback (most recent call last):
  File "/home/airflow/.local/lib/python3.10/site-packages/airflow/models/dagbag.py", line 344, in parse
    loader.exec_module(new_module)
  File "<frozen importlib._bootstrap_external>", line 883, in exec_module
  File "<frozen importlib._bootstrap>", line 241, in _call_with_frames_removed
  File "/opt/airflow/dags/reddit_dag.py", line 23, in <module>
    extract = PythonOperator(
NameError: name 'PythonOperator' is not defined
[2024-02-20T18:16:04.475+0000] {processor.py:842} WARNING - No viable dags retrieved from /opt/airflow/dags/reddit_dag.py
[2024-02-20T18:16:04.491+0000] {processor.py:183} INFO - Processing /opt/airflow/dags/reddit_dag.py took 0.057 seconds
[2024-02-20T18:16:34.656+0000] {processor.py:161} INFO - Started process (PID=81) to work on /opt/airflow/dags/reddit_dag.py
[2024-02-20T18:16:34.657+0000] {processor.py:830} INFO - Processing file /opt/airflow/dags/reddit_dag.py for tasks to queue
[2024-02-20T18:16:34.660+0000] {logging_mixin.py:188} INFO - [2024-02-20T18:16:34.660+0000] {dagbag.py:538} INFO - Filling up the DagBag from /opt/airflow/dags/reddit_dag.py
[2024-02-20T18:16:34.686+0000] {logging_mixin.py:188} INFO - [2024-02-20T18:16:34.680+0000] {dagbag.py:348} ERROR - Failed to import: /opt/airflow/dags/reddit_dag.py
Traceback (most recent call last):
  File "/home/airflow/.local/lib/python3.10/site-packages/airflow/models/dagbag.py", line 344, in parse
    loader.exec_module(new_module)
  File "<frozen importlib._bootstrap_external>", line 883, in exec_module
  File "<frozen importlib._bootstrap>", line 241, in _call_with_frames_removed
  File "/opt/airflow/dags/reddit_dag.py", line 23, in <module>
    extract = PythonOperator(
NameError: name 'PythonOperator' is not defined
[2024-02-20T18:16:34.688+0000] {processor.py:842} WARNING - No viable dags retrieved from /opt/airflow/dags/reddit_dag.py
[2024-02-20T18:16:34.705+0000] {processor.py:183} INFO - Processing /opt/airflow/dags/reddit_dag.py took 0.051 seconds
[2024-02-20T18:17:04.910+0000] {processor.py:161} INFO - Started process (PID=82) to work on /opt/airflow/dags/reddit_dag.py
[2024-02-20T18:17:04.912+0000] {processor.py:830} INFO - Processing file /opt/airflow/dags/reddit_dag.py for tasks to queue
[2024-02-20T18:17:04.914+0000] {logging_mixin.py:188} INFO - [2024-02-20T18:17:04.914+0000] {dagbag.py:538} INFO - Filling up the DagBag from /opt/airflow/dags/reddit_dag.py
[2024-02-20T18:17:04.939+0000] {logging_mixin.py:188} INFO - [2024-02-20T18:17:04.934+0000] {dagbag.py:348} ERROR - Failed to import: /opt/airflow/dags/reddit_dag.py
Traceback (most recent call last):
  File "/home/airflow/.local/lib/python3.10/site-packages/airflow/models/dagbag.py", line 344, in parse
    loader.exec_module(new_module)
  File "<frozen importlib._bootstrap_external>", line 883, in exec_module
  File "<frozen importlib._bootstrap>", line 241, in _call_with_frames_removed
  File "/opt/airflow/dags/reddit_dag.py", line 23, in <module>
    extract = PythonOperator(
NameError: name 'PythonOperator' is not defined
[2024-02-20T18:17:04.940+0000] {processor.py:842} WARNING - No viable dags retrieved from /opt/airflow/dags/reddit_dag.py
[2024-02-20T18:17:04.955+0000] {processor.py:183} INFO - Processing /opt/airflow/dags/reddit_dag.py took 0.047 seconds
[2024-02-20T18:17:35.206+0000] {processor.py:161} INFO - Started process (PID=83) to work on /opt/airflow/dags/reddit_dag.py
[2024-02-20T18:17:35.207+0000] {processor.py:830} INFO - Processing file /opt/airflow/dags/reddit_dag.py for tasks to queue
[2024-02-20T18:17:35.209+0000] {logging_mixin.py:188} INFO - [2024-02-20T18:17:35.209+0000] {dagbag.py:538} INFO - Filling up the DagBag from /opt/airflow/dags/reddit_dag.py
[2024-02-20T18:17:35.245+0000] {logging_mixin.py:188} INFO - [2024-02-20T18:17:35.240+0000] {dagbag.py:348} ERROR - Failed to import: /opt/airflow/dags/reddit_dag.py
Traceback (most recent call last):
  File "/home/airflow/.local/lib/python3.10/site-packages/airflow/models/dagbag.py", line 344, in parse
    loader.exec_module(new_module)
  File "<frozen importlib._bootstrap_external>", line 883, in exec_module
  File "<frozen importlib._bootstrap>", line 241, in _call_with_frames_removed
  File "/opt/airflow/dags/reddit_dag.py", line 23, in <module>
    extract = PythonOperator(
NameError: name 'PythonOperator' is not defined
[2024-02-20T18:17:35.246+0000] {processor.py:842} WARNING - No viable dags retrieved from /opt/airflow/dags/reddit_dag.py
[2024-02-20T18:17:35.261+0000] {processor.py:183} INFO - Processing /opt/airflow/dags/reddit_dag.py took 0.057 seconds
[2024-02-20T18:18:05.503+0000] {processor.py:161} INFO - Started process (PID=84) to work on /opt/airflow/dags/reddit_dag.py
[2024-02-20T18:18:05.504+0000] {processor.py:830} INFO - Processing file /opt/airflow/dags/reddit_dag.py for tasks to queue
[2024-02-20T18:18:05.506+0000] {logging_mixin.py:188} INFO - [2024-02-20T18:18:05.505+0000] {dagbag.py:538} INFO - Filling up the DagBag from /opt/airflow/dags/reddit_dag.py
[2024-02-20T18:18:05.531+0000] {logging_mixin.py:188} INFO - [2024-02-20T18:18:05.526+0000] {dagbag.py:348} ERROR - Failed to import: /opt/airflow/dags/reddit_dag.py
Traceback (most recent call last):
  File "/home/airflow/.local/lib/python3.10/site-packages/airflow/models/dagbag.py", line 344, in parse
    loader.exec_module(new_module)
  File "<frozen importlib._bootstrap_external>", line 883, in exec_module
  File "<frozen importlib._bootstrap>", line 241, in _call_with_frames_removed
  File "/opt/airflow/dags/reddit_dag.py", line 23, in <module>
    extract = PythonOperator(
NameError: name 'PythonOperator' is not defined
[2024-02-20T18:18:05.532+0000] {processor.py:842} WARNING - No viable dags retrieved from /opt/airflow/dags/reddit_dag.py
[2024-02-20T18:18:05.547+0000] {processor.py:183} INFO - Processing /opt/airflow/dags/reddit_dag.py took 0.047 seconds
[2024-02-20T18:18:35.788+0000] {processor.py:161} INFO - Started process (PID=85) to work on /opt/airflow/dags/reddit_dag.py
[2024-02-20T18:18:35.789+0000] {processor.py:830} INFO - Processing file /opt/airflow/dags/reddit_dag.py for tasks to queue
[2024-02-20T18:18:35.791+0000] {logging_mixin.py:188} INFO - [2024-02-20T18:18:35.791+0000] {dagbag.py:538} INFO - Filling up the DagBag from /opt/airflow/dags/reddit_dag.py
[2024-02-20T18:18:35.836+0000] {logging_mixin.py:188} INFO - [2024-02-20T18:18:35.827+0000] {dagbag.py:348} ERROR - Failed to import: /opt/airflow/dags/reddit_dag.py
Traceback (most recent call last):
  File "/home/airflow/.local/lib/python3.10/site-packages/airflow/models/dagbag.py", line 344, in parse
    loader.exec_module(new_module)
  File "<frozen importlib._bootstrap_external>", line 883, in exec_module
  File "<frozen importlib._bootstrap>", line 241, in _call_with_frames_removed
  File "/opt/airflow/dags/reddit_dag.py", line 23, in <module>
    extract = PythonOperator(
NameError: name 'PythonOperator' is not defined
[2024-02-20T18:18:35.839+0000] {processor.py:842} WARNING - No viable dags retrieved from /opt/airflow/dags/reddit_dag.py
[2024-02-20T18:18:35.857+0000] {processor.py:183} INFO - Processing /opt/airflow/dags/reddit_dag.py took 0.072 seconds
[2024-02-20T18:19:06.070+0000] {processor.py:161} INFO - Started process (PID=86) to work on /opt/airflow/dags/reddit_dag.py
[2024-02-20T18:19:06.072+0000] {processor.py:830} INFO - Processing file /opt/airflow/dags/reddit_dag.py for tasks to queue
[2024-02-20T18:19:06.075+0000] {logging_mixin.py:188} INFO - [2024-02-20T18:19:06.075+0000] {dagbag.py:538} INFO - Filling up the DagBag from /opt/airflow/dags/reddit_dag.py
[2024-02-20T18:19:06.112+0000] {logging_mixin.py:188} INFO - [2024-02-20T18:19:06.106+0000] {dagbag.py:348} ERROR - Failed to import: /opt/airflow/dags/reddit_dag.py
Traceback (most recent call last):
  File "/home/airflow/.local/lib/python3.10/site-packages/airflow/models/dagbag.py", line 344, in parse
    loader.exec_module(new_module)
  File "<frozen importlib._bootstrap_external>", line 883, in exec_module
  File "<frozen importlib._bootstrap>", line 241, in _call_with_frames_removed
  File "/opt/airflow/dags/reddit_dag.py", line 23, in <module>
    extract = PythonOperator(
NameError: name 'PythonOperator' is not defined
[2024-02-20T18:19:06.115+0000] {processor.py:842} WARNING - No viable dags retrieved from /opt/airflow/dags/reddit_dag.py
[2024-02-20T18:19:06.132+0000] {processor.py:183} INFO - Processing /opt/airflow/dags/reddit_dag.py took 0.065 seconds
[2024-02-20T18:19:36.421+0000] {processor.py:161} INFO - Started process (PID=87) to work on /opt/airflow/dags/reddit_dag.py
[2024-02-20T18:19:36.423+0000] {processor.py:830} INFO - Processing file /opt/airflow/dags/reddit_dag.py for tasks to queue
[2024-02-20T18:19:36.425+0000] {logging_mixin.py:188} INFO - [2024-02-20T18:19:36.425+0000] {dagbag.py:538} INFO - Filling up the DagBag from /opt/airflow/dags/reddit_dag.py
[2024-02-20T18:19:36.465+0000] {logging_mixin.py:188} INFO - [2024-02-20T18:19:36.459+0000] {dagbag.py:348} ERROR - Failed to import: /opt/airflow/dags/reddit_dag.py
Traceback (most recent call last):
  File "/home/airflow/.local/lib/python3.10/site-packages/airflow/models/dagbag.py", line 344, in parse
    loader.exec_module(new_module)
  File "<frozen importlib._bootstrap_external>", line 883, in exec_module
  File "<frozen importlib._bootstrap>", line 241, in _call_with_frames_removed
  File "/opt/airflow/dags/reddit_dag.py", line 23, in <module>
    extract = PythonOperator(
NameError: name 'PythonOperator' is not defined
[2024-02-20T18:19:36.467+0000] {processor.py:842} WARNING - No viable dags retrieved from /opt/airflow/dags/reddit_dag.py
[2024-02-20T18:19:36.481+0000] {processor.py:183} INFO - Processing /opt/airflow/dags/reddit_dag.py took 0.062 seconds
[2024-02-20T18:20:06.683+0000] {processor.py:161} INFO - Started process (PID=88) to work on /opt/airflow/dags/reddit_dag.py
[2024-02-20T18:20:06.684+0000] {processor.py:830} INFO - Processing file /opt/airflow/dags/reddit_dag.py for tasks to queue
[2024-02-20T18:20:06.686+0000] {logging_mixin.py:188} INFO - [2024-02-20T18:20:06.686+0000] {dagbag.py:538} INFO - Filling up the DagBag from /opt/airflow/dags/reddit_dag.py
[2024-02-20T18:20:06.710+0000] {logging_mixin.py:188} INFO - [2024-02-20T18:20:06.706+0000] {dagbag.py:348} ERROR - Failed to import: /opt/airflow/dags/reddit_dag.py
Traceback (most recent call last):
  File "/home/airflow/.local/lib/python3.10/site-packages/airflow/models/dagbag.py", line 344, in parse
    loader.exec_module(new_module)
  File "<frozen importlib._bootstrap_external>", line 883, in exec_module
  File "<frozen importlib._bootstrap>", line 241, in _call_with_frames_removed
  File "/opt/airflow/dags/reddit_dag.py", line 23, in <module>
    extract = PythonOperator(
NameError: name 'PythonOperator' is not defined
[2024-02-20T18:20:06.712+0000] {processor.py:842} WARNING - No viable dags retrieved from /opt/airflow/dags/reddit_dag.py
[2024-02-20T18:20:06.727+0000] {processor.py:183} INFO - Processing /opt/airflow/dags/reddit_dag.py took 0.046 seconds
[2024-02-20T18:20:36.971+0000] {processor.py:161} INFO - Started process (PID=89) to work on /opt/airflow/dags/reddit_dag.py
[2024-02-20T18:20:36.972+0000] {processor.py:830} INFO - Processing file /opt/airflow/dags/reddit_dag.py for tasks to queue
[2024-02-20T18:20:36.975+0000] {logging_mixin.py:188} INFO - [2024-02-20T18:20:36.974+0000] {dagbag.py:538} INFO - Filling up the DagBag from /opt/airflow/dags/reddit_dag.py
[2024-02-20T18:20:36.997+0000] {logging_mixin.py:188} INFO - [2024-02-20T18:20:36.993+0000] {dagbag.py:348} ERROR - Failed to import: /opt/airflow/dags/reddit_dag.py
Traceback (most recent call last):
  File "/home/airflow/.local/lib/python3.10/site-packages/airflow/models/dagbag.py", line 344, in parse
    loader.exec_module(new_module)
  File "<frozen importlib._bootstrap_external>", line 883, in exec_module
  File "<frozen importlib._bootstrap>", line 241, in _call_with_frames_removed
  File "/opt/airflow/dags/reddit_dag.py", line 23, in <module>
    extract = PythonOperator(
NameError: name 'PythonOperator' is not defined
[2024-02-20T18:20:36.998+0000] {processor.py:842} WARNING - No viable dags retrieved from /opt/airflow/dags/reddit_dag.py
[2024-02-20T18:20:37.013+0000] {processor.py:183} INFO - Processing /opt/airflow/dags/reddit_dag.py took 0.045 seconds
[2024-02-20T18:21:07.255+0000] {processor.py:161} INFO - Started process (PID=90) to work on /opt/airflow/dags/reddit_dag.py
[2024-02-20T18:21:07.256+0000] {processor.py:830} INFO - Processing file /opt/airflow/dags/reddit_dag.py for tasks to queue
[2024-02-20T18:21:07.259+0000] {logging_mixin.py:188} INFO - [2024-02-20T18:21:07.259+0000] {dagbag.py:538} INFO - Filling up the DagBag from /opt/airflow/dags/reddit_dag.py
[2024-02-20T18:21:07.308+0000] {logging_mixin.py:188} INFO - [2024-02-20T18:21:07.298+0000] {dagbag.py:348} ERROR - Failed to import: /opt/airflow/dags/reddit_dag.py
Traceback (most recent call last):
  File "/home/airflow/.local/lib/python3.10/site-packages/airflow/models/dagbag.py", line 344, in parse
    loader.exec_module(new_module)
  File "<frozen importlib._bootstrap_external>", line 883, in exec_module
  File "<frozen importlib._bootstrap>", line 241, in _call_with_frames_removed
  File "/opt/airflow/dags/reddit_dag.py", line 23, in <module>
    extract = PythonOperator(
NameError: name 'PythonOperator' is not defined
[2024-02-20T18:21:07.315+0000] {processor.py:842} WARNING - No viable dags retrieved from /opt/airflow/dags/reddit_dag.py
[2024-02-20T18:21:07.350+0000] {processor.py:183} INFO - Processing /opt/airflow/dags/reddit_dag.py took 0.098 seconds
[2024-02-20T18:21:37.499+0000] {processor.py:161} INFO - Started process (PID=91) to work on /opt/airflow/dags/reddit_dag.py
[2024-02-20T18:21:37.500+0000] {processor.py:830} INFO - Processing file /opt/airflow/dags/reddit_dag.py for tasks to queue
[2024-02-20T18:21:37.502+0000] {logging_mixin.py:188} INFO - [2024-02-20T18:21:37.501+0000] {dagbag.py:538} INFO - Filling up the DagBag from /opt/airflow/dags/reddit_dag.py
[2024-02-20T18:21:37.523+0000] {logging_mixin.py:188} INFO - [2024-02-20T18:21:37.519+0000] {dagbag.py:348} ERROR - Failed to import: /opt/airflow/dags/reddit_dag.py
Traceback (most recent call last):
  File "/home/airflow/.local/lib/python3.10/site-packages/airflow/models/dagbag.py", line 344, in parse
    loader.exec_module(new_module)
  File "<frozen importlib._bootstrap_external>", line 883, in exec_module
  File "<frozen importlib._bootstrap>", line 241, in _call_with_frames_removed
  File "/opt/airflow/dags/reddit_dag.py", line 23, in <module>
    extract = PythonOperator(
NameError: name 'PythonOperator' is not defined
[2024-02-20T18:21:37.525+0000] {processor.py:842} WARNING - No viable dags retrieved from /opt/airflow/dags/reddit_dag.py
[2024-02-20T18:21:37.540+0000] {processor.py:183} INFO - Processing /opt/airflow/dags/reddit_dag.py took 0.044 seconds
[2024-02-20T18:22:07.727+0000] {processor.py:161} INFO - Started process (PID=92) to work on /opt/airflow/dags/reddit_dag.py
[2024-02-20T18:22:07.728+0000] {processor.py:830} INFO - Processing file /opt/airflow/dags/reddit_dag.py for tasks to queue
[2024-02-20T18:22:07.730+0000] {logging_mixin.py:188} INFO - [2024-02-20T18:22:07.730+0000] {dagbag.py:538} INFO - Filling up the DagBag from /opt/airflow/dags/reddit_dag.py
[2024-02-20T18:22:07.771+0000] {logging_mixin.py:188} INFO - [2024-02-20T18:22:07.763+0000] {dagbag.py:348} ERROR - Failed to import: /opt/airflow/dags/reddit_dag.py
Traceback (most recent call last):
  File "/home/airflow/.local/lib/python3.10/site-packages/airflow/models/dagbag.py", line 344, in parse
    loader.exec_module(new_module)
  File "<frozen importlib._bootstrap_external>", line 883, in exec_module
  File "<frozen importlib._bootstrap>", line 241, in _call_with_frames_removed
  File "/opt/airflow/dags/reddit_dag.py", line 23, in <module>
    extract = PythonOperator(
NameError: name 'PythonOperator' is not defined
[2024-02-20T18:22:07.775+0000] {processor.py:842} WARNING - No viable dags retrieved from /opt/airflow/dags/reddit_dag.py
[2024-02-20T18:22:07.793+0000] {processor.py:183} INFO - Processing /opt/airflow/dags/reddit_dag.py took 0.069 seconds
[2024-02-20T18:22:38.020+0000] {processor.py:161} INFO - Started process (PID=93) to work on /opt/airflow/dags/reddit_dag.py
[2024-02-20T18:22:38.025+0000] {processor.py:830} INFO - Processing file /opt/airflow/dags/reddit_dag.py for tasks to queue
[2024-02-20T18:22:38.029+0000] {logging_mixin.py:188} INFO - [2024-02-20T18:22:38.028+0000] {dagbag.py:538} INFO - Filling up the DagBag from /opt/airflow/dags/reddit_dag.py
[2024-02-20T18:22:38.065+0000] {logging_mixin.py:188} INFO - [2024-02-20T18:22:38.058+0000] {dagbag.py:348} ERROR - Failed to import: /opt/airflow/dags/reddit_dag.py
Traceback (most recent call last):
  File "/home/airflow/.local/lib/python3.10/site-packages/airflow/models/dagbag.py", line 344, in parse
    loader.exec_module(new_module)
  File "<frozen importlib._bootstrap_external>", line 883, in exec_module
  File "<frozen importlib._bootstrap>", line 241, in _call_with_frames_removed
  File "/opt/airflow/dags/reddit_dag.py", line 23, in <module>
    extract = PythonOperator(
NameError: name 'PythonOperator' is not defined
[2024-02-20T18:22:38.069+0000] {processor.py:842} WARNING - No viable dags retrieved from /opt/airflow/dags/reddit_dag.py
[2024-02-20T18:22:38.096+0000] {processor.py:183} INFO - Processing /opt/airflow/dags/reddit_dag.py took 0.079 seconds
[2024-02-20T18:23:08.272+0000] {processor.py:161} INFO - Started process (PID=94) to work on /opt/airflow/dags/reddit_dag.py
[2024-02-20T18:23:08.273+0000] {processor.py:830} INFO - Processing file /opt/airflow/dags/reddit_dag.py for tasks to queue
[2024-02-20T18:23:08.275+0000] {logging_mixin.py:188} INFO - [2024-02-20T18:23:08.275+0000] {dagbag.py:538} INFO - Filling up the DagBag from /opt/airflow/dags/reddit_dag.py
[2024-02-20T18:23:08.320+0000] {logging_mixin.py:188} INFO - [2024-02-20T18:23:08.312+0000] {dagbag.py:348} ERROR - Failed to import: /opt/airflow/dags/reddit_dag.py
Traceback (most recent call last):
  File "/home/airflow/.local/lib/python3.10/site-packages/airflow/models/dagbag.py", line 344, in parse
    loader.exec_module(new_module)
  File "<frozen importlib._bootstrap_external>", line 883, in exec_module
  File "<frozen importlib._bootstrap>", line 241, in _call_with_frames_removed
  File "/opt/airflow/dags/reddit_dag.py", line 23, in <module>
    extract = PythonOperator(
NameError: name 'PythonOperator' is not defined
[2024-02-20T18:23:08.323+0000] {processor.py:842} WARNING - No viable dags retrieved from /opt/airflow/dags/reddit_dag.py
[2024-02-20T18:23:08.343+0000] {processor.py:183} INFO - Processing /opt/airflow/dags/reddit_dag.py took 0.076 seconds
[2024-02-20T18:25:37.126+0000] {processor.py:161} INFO - Started process (PID=95) to work on /opt/airflow/dags/reddit_dag.py
[2024-02-20T18:25:37.145+0000] {processor.py:830} INFO - Processing file /opt/airflow/dags/reddit_dag.py for tasks to queue
[2024-02-20T18:25:37.196+0000] {logging_mixin.py:188} INFO - [2024-02-20T18:25:37.192+0000] {dagbag.py:538} INFO - Filling up the DagBag from /opt/airflow/dags/reddit_dag.py
